[2020-01-29 15:00:59,427][__main__][INFO] - ============= Configuration =============
[2020-01-29 15:00:59,433][__main__][INFO] - Config:
checkpoint_file: trial_{}.dat
experiment:
  num_trials: 20
  trial_timesteps: 150
random_seed: 10
sys:
  name: statespace-v0
  params:
    A:
    - - 0
      - 1
      - 0
      - 0
      - 0
    - - 0
      - 0
      - 1
      - 0
      - 0
    - - 0
      - 0
      - 0
      - 1
      - 0
    - - 0
      - 0
      - 0
      - 0
      - 1
    - - 0.5
      - 1.5
      - 3
      - 1
      - 0.75
    B:
    - - 0
    - - 0
    - - 0
    - - 0
    - - 1
    C:
    - - 1
      - 0
      - 0
      - 0
      - 0
    D:
    - - 0
    dt: 0.01

[2020-01-29 15:00:59,433][__main__][INFO] - =========================================
[2020-01-29 15:00:59,446][__main__][INFO] - Running rollouts on system statespace-v0
[2020-01-29 15:00:59,484][__main__][INFO] - Random rollout, reward -inf
