[2020-01-29 14:49:43,964][__main__][INFO] - ============= Configuration =============
[2020-01-29 14:49:43,968][__main__][INFO] - Config:
checkpoint_file: trial_{}.dat
experiment:
  num_trials: 20
  trial_timesteps: 25
random_seed: 10
sys:
  name: statespace-v0
  params:
    A:
    - - 0
      - 1
      - 0
    - - 0
      - 0
      - 1
    - - 0.5
      - 0.4
      - 0.3
    B:
    - - 0
    - - 0
    - - 1
    C:
    - - 1
      - 0
      - 0
    D:
    - - 0
    dt: 0.001

[2020-01-29 14:49:43,969][__main__][INFO] - =========================================
[2020-01-29 14:49:43,979][__main__][INFO] - Running rollouts on system statespace-v0
[2020-01-29 14:49:44,018][__main__][INFO] - Random rollout, reward -4.13739599878528e+38
[2020-01-29 14:49:44,048][__main__][INFO] - Running 20 trials with SI and feedback control
