[2020-01-29 14:55:20,446][__main__][INFO] - ============= Configuration =============
[2020-01-29 14:55:20,450][__main__][INFO] - Config:
checkpoint_file: trial_{}.dat
experiment:
  num_trials: 20
  trial_timesteps: 150
random_seed: 10
sys:
  name: statespace-v0
  params:
    A:
    - - 0
      - 1
      - 0
    - - 0
      - 0
      - 1
    - - 0.5
      - 0.4
      - 0.3
    B:
    - - 0
    - - 0
    - - 1
    C:
    - - 1
      - 0
      - 0
    D:
    - - 0
    dt: 0.001

[2020-01-29 14:55:20,450][__main__][INFO] - =========================================
[2020-01-29 14:55:20,461][__main__][INFO] - Running rollouts on system statespace-v0
[2020-01-29 14:55:20,503][__main__][INFO] - Random rollout, reward -6.084272716095594e+38
[2020-01-29 14:55:20,535][__main__][INFO] - Running 20 trials with SI and feedback control
[2020-01-29 14:55:25,862][__main__][INFO] - Rollout 0: reward -607704259.5858701
[2020-01-29 14:55:29,612][__main__][INFO] - Rollout 1: reward -3.3786307657772105e+145
