[2020-01-29 20:02:36,954][__main__][INFO] - ============= Configuration =============
[2020-01-29 20:02:36,960][__main__][INFO] - Config:
checkpoint_file: trial_{}.dat
experiment:
  num_trials: 20
  trial_timesteps: 150
random_seed: 10
sys:
  name: statespace-v0
  params:
    A:
    - - 0
      - 1
      - 0
      - 0
      - 0
    - - 0
      - 0
      - 1
      - 0
      - 0
    - - 0
      - 0
      - 0
      - 1
      - 0
    - - 0
      - 0
      - 0
      - 0
      - 1
    - - 0.5
      - 1.1
      - 1.05
      - 1
      - 0.75
    B:
    - - 0
    - - 0
    - - 0
    - - 0
    - - 1
    C:
    - - 1
      - 0
      - 0
      - 0
      - 0
    D:
    - - 0
    dt: 0.01

[2020-01-29 20:02:36,960][__main__][INFO] - =========================================
[2020-01-29 20:02:36,973][__main__][INFO] - Running rollouts on system statespace-v0
