[2020-01-29 20:31:14,276][__main__][INFO] - ============= Configuration =============
[2020-01-29 20:31:14,280][__main__][INFO] - Config:
checkpoint_file: trial_{}.dat
experiment:
  num_trials: 20
  trial_timesteps: 150
random_seed: 10
sys:
  name: statespace-v0
  params:
    A:
    - - 0
      - 1
      - 0
    - - 0
      - 0
      - 1
    - - 0.5
      - 0.4
      - 0.3
    B:
    - - 0
    - - 0
    - - 1
    C:
    - - 1
      - 0
      - 0
    D:
    - - 0
    dt: 0.001

[2020-01-29 20:31:14,280][__main__][INFO] - =========================================
[2020-01-29 20:31:14,291][__main__][INFO] - Running rollouts on system statespace-v0
[2020-01-29 20:31:17,804][__main__][INFO] - Running 20 trials with SI and feedback control
[2020-01-29 20:31:48,542][__main__][INFO] - Rollout 0: reward -9473960120.67992
[2020-01-29 20:31:58,743][__main__][INFO] - Rollout 1: reward -0.004051871064309143
